[0.203s] DEBUG:colcon:Command line arguments: ['/usr/bin/colcon', 'build', '--symlink-install']
[0.204s] DEBUG:colcon:Parsed command line arguments: Namespace(log_base=None, log_level=None, verb_name='build', build_base='build', install_base='install', merge_install=False, symlink_install=True, test_result_base=None, continue_on_error=False, executor='parallel', parallel_workers=8, event_handlers=None, ignore_user_meta=False, metas=['./colcon.meta'], base_paths=['.'], packages_ignore=None, packages_ignore_regex=None, paths=None, packages_up_to=None, packages_up_to_regex=None, packages_above=None, packages_above_and_dependencies=None, packages_above_depth=None, packages_select_by_dep=None, packages_skip_by_dep=None, packages_skip_up_to=None, packages_select_build_failed=False, packages_skip_build_finished=False, packages_select_test_failures=False, packages_skip_test_passed=False, packages_select=None, packages_skip=None, packages_select_regex=None, packages_skip_regex=None, packages_start=None, packages_end=None, allow_overriding=[], cmake_args=None, cmake_target=None, cmake_target_skip_unavailable=False, cmake_clean_cache=False, cmake_clean_first=False, cmake_force_configure=False, ament_cmake_args=None, catkin_cmake_args=None, catkin_skip_building_tests=False, mixin_files=None, mixin=None, verb_parser=<colcon_mixin.mixin.mixin_argument.MixinArgumentDecorator object at 0x7e8573d37280>, verb_extension=<colcon_core.verb.build.BuildVerb object at 0x7e8573ee8c10>, main=<bound method BuildVerb.main of <colcon_core.verb.build.BuildVerb object at 0x7e8573ee8c10>>, mixin_verb=('build',))
[0.526s] Level 1:colcon.colcon_core.package_discovery:discover_packages(colcon_meta) check parameters
[0.526s] Level 1:colcon.colcon_core.package_discovery:discover_packages(recursive) check parameters
[0.527s] Level 1:colcon.colcon_core.package_discovery:discover_packages(ignore) check parameters
[0.527s] Level 1:colcon.colcon_core.package_discovery:discover_packages(path) check parameters
[0.527s] Level 1:colcon.colcon_core.package_discovery:discover_packages(colcon_meta) discover
[0.527s] Level 1:colcon.colcon_core.package_discovery:discover_packages(recursive) discover
[0.527s] INFO:colcon.colcon_core.package_discovery:Crawling recursively for packages in '/home/guillem/Documents/GitHub/ros2_ws/src/unity'
[0.527s] Level 1:colcon.colcon_core.package_identification:_identify(.) by extensions ['ignore', 'ignore_ament_install']
[0.527s] Level 1:colcon.colcon_core.package_identification:_identify(.) by extension 'ignore'
[0.527s] Level 1:colcon.colcon_core.package_identification:_identify(.) by extension 'ignore_ament_install'
[0.527s] Level 1:colcon.colcon_core.package_identification:_identify(.) by extensions ['colcon_pkg']
[0.527s] Level 1:colcon.colcon_core.package_identification:_identify(.) by extension 'colcon_pkg'
[0.527s] Level 1:colcon.colcon_core.package_identification:_identify(.) by extensions ['colcon_meta']
[0.527s] Level 1:colcon.colcon_core.package_identification:_identify(.) by extension 'colcon_meta'
[0.527s] Level 1:colcon.colcon_core.package_identification:_identify(.) by extensions ['ros']
[0.528s] Level 1:colcon.colcon_core.package_identification:_identify(.) by extension 'ros'
[0.551s] DEBUG:colcon.colcon_core.package_identification:Package '.' with type 'ros.ament_python' and name 'unity'
[0.551s] Level 1:colcon.colcon_core.package_discovery:discover_packages(recursive) using defaults
[0.551s] Level 1:colcon.colcon_core.package_discovery:discover_packages(ignore) discover
[0.551s] Level 1:colcon.colcon_core.package_discovery:discover_packages(ignore) using defaults
[0.551s] Level 1:colcon.colcon_core.package_discovery:discover_packages(path) discover
[0.551s] Level 1:colcon.colcon_core.package_discovery:discover_packages(path) using defaults
[0.606s] Level 1:colcon.colcon_core.package_discovery:discover_packages(prefix_path) check parameters
[0.606s] Level 1:colcon.colcon_core.package_discovery:discover_packages(prefix_path) discover
[0.611s] DEBUG:colcon.colcon_installed_package_information.package_discovery:Found 436 installed packages in /opt/ros/humble
[0.614s] Level 1:colcon.colcon_core.package_discovery:discover_packages(prefix_path) using defaults
[0.708s] Level 5:colcon.colcon_core.verb:set package 'unity' build argument 'cmake_args' from command line to 'None'
[0.709s] Level 5:colcon.colcon_core.verb:set package 'unity' build argument 'cmake_target' from command line to 'None'
[0.709s] Level 5:colcon.colcon_core.verb:set package 'unity' build argument 'cmake_target_skip_unavailable' from command line to 'False'
[0.709s] Level 5:colcon.colcon_core.verb:set package 'unity' build argument 'cmake_clean_cache' from command line to 'False'
[0.709s] Level 5:colcon.colcon_core.verb:set package 'unity' build argument 'cmake_clean_first' from command line to 'False'
[0.709s] Level 5:colcon.colcon_core.verb:set package 'unity' build argument 'cmake_force_configure' from command line to 'False'
[0.709s] Level 5:colcon.colcon_core.verb:set package 'unity' build argument 'ament_cmake_args' from command line to 'None'
[0.709s] Level 5:colcon.colcon_core.verb:set package 'unity' build argument 'catkin_cmake_args' from command line to 'None'
[0.709s] Level 5:colcon.colcon_core.verb:set package 'unity' build argument 'catkin_skip_building_tests' from command line to 'False'
[0.709s] DEBUG:colcon.colcon_core.verb:Building package 'unity' with the following arguments: {'ament_cmake_args': None, 'build_base': '/home/guillem/Documents/GitHub/ros2_ws/src/unity/build/unity', 'catkin_cmake_args': None, 'catkin_skip_building_tests': False, 'cmake_args': None, 'cmake_clean_cache': False, 'cmake_clean_first': False, 'cmake_force_configure': False, 'cmake_target': None, 'cmake_target_skip_unavailable': False, 'install_base': '/home/guillem/Documents/GitHub/ros2_ws/src/unity/install/unity', 'merge_install': False, 'path': '/home/guillem/Documents/GitHub/ros2_ws/src/unity', 'symlink_install': True, 'test_result_base': None}
[0.709s] INFO:colcon.colcon_core.executor:Executing jobs using 'parallel' executor
[0.712s] DEBUG:colcon.colcon_parallel_executor.executor.parallel:run_until_complete
[0.712s] INFO:colcon.colcon_ros.task.ament_python.build:Building ROS package in '/home/guillem/Documents/GitHub/ros2_ws/src/unity' with build type 'ament_python'
[0.713s] Level 1:colcon.colcon_core.shell:create_environment_hook('unity', 'ament_prefix_path')
[0.716s] INFO:colcon.colcon_core.plugin_system:Skipping extension 'colcon_core.shell.bat': Not used on non-Windows systems
[0.716s] INFO:colcon.colcon_core.shell:Creating environment hook '/home/guillem/Documents/GitHub/ros2_ws/src/unity/install/unity/share/unity/hook/ament_prefix_path.ps1'
[0.717s] INFO:colcon.colcon_core.shell:Creating environment descriptor '/home/guillem/Documents/GitHub/ros2_ws/src/unity/install/unity/share/unity/hook/ament_prefix_path.dsv'
[0.719s] INFO:colcon.colcon_core.shell:Creating environment hook '/home/guillem/Documents/GitHub/ros2_ws/src/unity/install/unity/share/unity/hook/ament_prefix_path.sh'
[0.720s] INFO:colcon.colcon_core.shell:Skip shell extension 'powershell' for command environment: Not usable outside of PowerShell
[0.720s] DEBUG:colcon.colcon_core.shell:Skip shell extension 'dsv' for command environment
[1.234s] INFO:colcon.colcon_core.task.python.build:Building Python package in '/home/guillem/Documents/GitHub/ros2_ws/src/unity'
[1.235s] INFO:colcon.colcon_core.shell:Skip shell extension 'powershell' for command environment: Not usable outside of PowerShell
[1.235s] DEBUG:colcon.colcon_core.shell:Skip shell extension 'dsv' for command environment
[1.891s] DEBUG:colcon.colcon_core.event_handler.log_command:Invoking command in '/home/guillem/Documents/GitHub/ros2_ws/src/unity/build/unity': CONDA_PROMPT_MODIFIER=(base) PYTHONPATH=/home/guillem/Documents/GitHub/ros2_ws/src/unity/build/unity/prefix_override:/usr/lib/python3/dist-packages/colcon_core/task/python/colcon_distutils_commands:/home/guillem/Documents/GitHub/ros2_ws/src/unity/install/unity/lib/python3.10/site-packages:${PYTHONPATH} /usr/bin/python3 -W ignore:setup.py install is deprecated setup.py develop --editable --build-directory /home/guillem/Documents/GitHub/ros2_ws/src/unity/build/unity/build --no-deps symlink_data
[2.794s] Level 1:colcon.colcon_core.shell:create_environment_hook('unity', 'pythonpath_develop')
[2.794s] INFO:colcon.colcon_core.shell:Creating environment hook '/home/guillem/Documents/GitHub/ros2_ws/src/unity/build/unity/share/unity/hook/pythonpath_develop.ps1'
[2.795s] DEBUG:colcon.colcon_core.event_handler.log_command:Invoked command in '/home/guillem/Documents/GitHub/ros2_ws/src/unity/build/unity' returned '0': CONDA_PROMPT_MODIFIER=(base) PYTHONPATH=/home/guillem/Documents/GitHub/ros2_ws/src/unity/build/unity/prefix_override:/usr/lib/python3/dist-packages/colcon_core/task/python/colcon_distutils_commands:/home/guillem/Documents/GitHub/ros2_ws/src/unity/install/unity/lib/python3.10/site-packages:${PYTHONPATH} /usr/bin/python3 -W ignore:setup.py install is deprecated setup.py develop --editable --build-directory /home/guillem/Documents/GitHub/ros2_ws/src/unity/build/unity/build --no-deps symlink_data
[2.796s] INFO:colcon.colcon_core.shell:Creating environment descriptor '/home/guillem/Documents/GitHub/ros2_ws/src/unity/build/unity/share/unity/hook/pythonpath_develop.dsv'
[2.797s] INFO:colcon.colcon_core.shell:Creating environment hook '/home/guillem/Documents/GitHub/ros2_ws/src/unity/build/unity/share/unity/hook/pythonpath_develop.sh'
[2.800s] Level 1:colcon.colcon_core.environment:checking '/home/guillem/Documents/GitHub/ros2_ws/src/unity/install/unity' for CMake module files
[2.801s] Level 1:colcon.colcon_core.environment:checking '/home/guillem/Documents/GitHub/ros2_ws/src/unity/install/unity' for CMake config files
[2.802s] Level 1:colcon.colcon_core.environment:checking '/home/guillem/Documents/GitHub/ros2_ws/src/unity/install/unity/lib'
[2.802s] Level 1:colcon.colcon_core.environment:checking '/home/guillem/Documents/GitHub/ros2_ws/src/unity/install/unity/bin'
[2.803s] Level 1:colcon.colcon_core.environment:checking '/home/guillem/Documents/GitHub/ros2_ws/src/unity/install/unity/lib/pkgconfig/unity.pc'
[2.803s] Level 1:colcon.colcon_core.environment:checking '/home/guillem/Documents/GitHub/ros2_ws/src/unity/install/unity/lib/python3.10/site-packages'
[2.803s] Level 1:colcon.colcon_core.shell:create_environment_hook('unity', 'pythonpath')
[2.803s] INFO:colcon.colcon_core.shell:Creating environment hook '/home/guillem/Documents/GitHub/ros2_ws/src/unity/install/unity/share/unity/hook/pythonpath.ps1'
[2.804s] INFO:colcon.colcon_core.shell:Creating environment descriptor '/home/guillem/Documents/GitHub/ros2_ws/src/unity/install/unity/share/unity/hook/pythonpath.dsv'
[2.805s] INFO:colcon.colcon_core.shell:Creating environment hook '/home/guillem/Documents/GitHub/ros2_ws/src/unity/install/unity/share/unity/hook/pythonpath.sh'
[2.807s] Level 1:colcon.colcon_core.environment:checking '/home/guillem/Documents/GitHub/ros2_ws/src/unity/install/unity/bin'
[2.807s] Level 1:colcon.colcon_core.environment:create_environment_scripts_only(unity)
[2.807s] INFO:colcon.colcon_core.shell:Creating package script '/home/guillem/Documents/GitHub/ros2_ws/src/unity/install/unity/share/unity/package.ps1'
[2.808s] INFO:colcon.colcon_core.shell:Creating package descriptor '/home/guillem/Documents/GitHub/ros2_ws/src/unity/install/unity/share/unity/package.dsv'
[2.810s] INFO:colcon.colcon_core.shell:Creating package script '/home/guillem/Documents/GitHub/ros2_ws/src/unity/install/unity/share/unity/package.sh'
[2.812s] INFO:colcon.colcon_core.shell:Creating package script '/home/guillem/Documents/GitHub/ros2_ws/src/unity/install/unity/share/unity/package.bash'
[2.813s] INFO:colcon.colcon_core.shell:Creating package script '/home/guillem/Documents/GitHub/ros2_ws/src/unity/install/unity/share/unity/package.zsh'
[2.814s] Level 1:colcon.colcon_core.environment:create_file_with_runtime_dependencies(/home/guillem/Documents/GitHub/ros2_ws/src/unity/install/unity/share/colcon-core/packages/unity)
[2.814s] DEBUG:colcon.colcon_parallel_executor.executor.parallel:closing loop
[2.815s] DEBUG:colcon.colcon_parallel_executor.executor.parallel:loop closed
[2.815s] DEBUG:colcon.colcon_parallel_executor.executor.parallel:run_until_complete finished with '0'
[2.815s] DEBUG:colcon.colcon_core.event_reactor:joining thread
[2.823s] INFO:colcon.colcon_core.plugin_system:Skipping extension 'colcon_notification.desktop_notification.terminal_notifier': Not used on non-Darwin systems
[2.823s] INFO:colcon.colcon_core.plugin_system:Skipping extension 'colcon_notification.desktop_notification.win32': Not used on non-Windows systems
[2.823s] INFO:colcon.colcon_notification.desktop_notification:Sending desktop notification using 'notify2'
[2.838s] DEBUG:colcon.colcon_core.event_reactor:joined thread
[2.839s] INFO:colcon.colcon_core.shell:Creating prefix script '/home/guillem/Documents/GitHub/ros2_ws/src/unity/install/local_setup.ps1'
[2.840s] INFO:colcon.colcon_core.shell:Creating prefix util module '/home/guillem/Documents/GitHub/ros2_ws/src/unity/install/_local_setup_util_ps1.py'
[2.842s] INFO:colcon.colcon_core.shell:Creating prefix chain script '/home/guillem/Documents/GitHub/ros2_ws/src/unity/install/setup.ps1'
[2.843s] INFO:colcon.colcon_core.shell:Creating prefix script '/home/guillem/Documents/GitHub/ros2_ws/src/unity/install/local_setup.sh'
[2.844s] INFO:colcon.colcon_core.shell:Creating prefix util module '/home/guillem/Documents/GitHub/ros2_ws/src/unity/install/_local_setup_util_sh.py'
[2.845s] INFO:colcon.colcon_core.shell:Creating prefix chain script '/home/guillem/Documents/GitHub/ros2_ws/src/unity/install/setup.sh'
[2.846s] INFO:colcon.colcon_core.shell:Creating prefix script '/home/guillem/Documents/GitHub/ros2_ws/src/unity/install/local_setup.bash'
[2.846s] INFO:colcon.colcon_core.shell:Creating prefix chain script '/home/guillem/Documents/GitHub/ros2_ws/src/unity/install/setup.bash'
[2.847s] INFO:colcon.colcon_core.shell:Creating prefix script '/home/guillem/Documents/GitHub/ros2_ws/src/unity/install/local_setup.zsh'
[2.848s] INFO:colcon.colcon_core.shell:Creating prefix chain script '/home/guillem/Documents/GitHub/ros2_ws/src/unity/install/setup.zsh'
