[0.746s] Invoking command in '/home/guillem/Documents/GitHub/ERC_GUI/ros2_ws/src/unity/build/unity': CONDA_PROMPT_MODIFIER=(base) PYTHONPATH=/home/guillem/Documents/GitHub/ERC_GUI/ros2_ws/src/unity/build/unity/prefix_override:/usr/lib/python3/dist-packages/colcon_core/task/python/colcon_distutils_commands:/home/guillem/Documents/GitHub/ERC_GUI/ros2_ws/src/unity/install/unity/lib/python3.10/site-packages:${PYTHONPATH} /usr/bin/python3 -W ignore:setup.py install is deprecated setup.py develop --editable --build-directory /home/guillem/Documents/GitHub/ERC_GUI/ros2_ws/src/unity/build/unity/build --no-deps symlink_data
[1.040s] running develop
[1.040s] /usr/lib/python3/dist-packages/setuptools/command/easy_install.py:158: EasyInstallDeprecationWarning: easy_install command is deprecated. Use build and pip and other standards-based tools.
[1.040s]   warnings.warn(
[1.244s] running egg_info
[1.244s] writing unity.egg-info/PKG-INFO
[1.245s] writing dependency_links to unity.egg-info/dependency_links.txt
[1.245s] writing entry points to unity.egg-info/entry_points.txt
[1.245s] writing requirements to unity.egg-info/requires.txt
[1.245s] writing top-level names to unity.egg-info/top_level.txt
[1.247s] reading manifest file 'unity.egg-info/SOURCES.txt'
[1.248s] writing manifest file 'unity.egg-info/SOURCES.txt'
[1.249s] running build_ext
[1.250s] Creating /home/guillem/Documents/GitHub/ERC_GUI/ros2_ws/src/unity/install/unity/lib/python3.10/site-packages/unity.egg-link (link to .)
[1.251s] Installing ejemplo script to /home/guillem/Documents/GitHub/ERC_GUI/ros2_ws/src/unity/install/unity/lib/unity
[1.251s] Installing image_subscriber script to /home/guillem/Documents/GitHub/ERC_GUI/ros2_ws/src/unity/install/unity/lib/unity
[1.251s] 
[1.251s] Installed /home/guillem/Documents/GitHub/ERC_GUI/ros2_ws/src/unity/build/unity
[1.251s] running symlink_data
[1.282s] Invoked command in '/home/guillem/Documents/GitHub/ERC_GUI/ros2_ws/src/unity/build/unity' returned '0': CONDA_PROMPT_MODIFIER=(base) PYTHONPATH=/home/guillem/Documents/GitHub/ERC_GUI/ros2_ws/src/unity/build/unity/prefix_override:/usr/lib/python3/dist-packages/colcon_core/task/python/colcon_distutils_commands:/home/guillem/Documents/GitHub/ERC_GUI/ros2_ws/src/unity/install/unity/lib/python3.10/site-packages:${PYTHONPATH} /usr/bin/python3 -W ignore:setup.py install is deprecated setup.py develop --editable --build-directory /home/guillem/Documents/GitHub/ERC_GUI/ros2_ws/src/unity/build/unity/build --no-deps symlink_data
