[0.123s] DEBUG:colcon:Command line arguments: ['/usr/bin/colcon', 'build', '--symlink-install']
[0.123s] DEBUG:colcon:Parsed command line arguments: Namespace(log_base=None, log_level=None, verb_name='build', build_base='build', install_base='install', merge_install=False, symlink_install=True, test_result_base=None, continue_on_error=False, executor='parallel', parallel_workers=8, event_handlers=None, ignore_user_meta=False, metas=['./colcon.meta'], base_paths=['.'], packages_ignore=None, packages_ignore_regex=None, paths=None, packages_up_to=None, packages_up_to_regex=None, packages_above=None, packages_above_and_dependencies=None, packages_above_depth=None, packages_select_by_dep=None, packages_skip_by_dep=None, packages_skip_up_to=None, packages_select_build_failed=False, packages_skip_build_finished=False, packages_select_test_failures=False, packages_skip_test_passed=False, packages_select=None, packages_skip=None, packages_select_regex=None, packages_skip_regex=None, packages_start=None, packages_end=None, allow_overriding=[], cmake_args=None, cmake_target=None, cmake_target_skip_unavailable=False, cmake_clean_cache=False, cmake_clean_first=False, cmake_force_configure=False, ament_cmake_args=None, catkin_cmake_args=None, catkin_skip_building_tests=False, mixin_files=None, mixin=None, verb_parser=<colcon_mixin.mixin.mixin_argument.MixinArgumentDecorator object at 0x747320117040>, verb_extension=<colcon_core.verb.build.BuildVerb object at 0x7473202e49d0>, main=<bound method BuildVerb.main of <colcon_core.verb.build.BuildVerb object at 0x7473202e49d0>>, mixin_verb=('build',))
[0.324s] Level 1:colcon.colcon_core.package_discovery:discover_packages(colcon_meta) check parameters
[0.324s] Level 1:colcon.colcon_core.package_discovery:discover_packages(recursive) check parameters
[0.324s] Level 1:colcon.colcon_core.package_discovery:discover_packages(ignore) check parameters
[0.325s] Level 1:colcon.colcon_core.package_discovery:discover_packages(path) check parameters
[0.325s] Level 1:colcon.colcon_core.package_discovery:discover_packages(colcon_meta) discover
[0.325s] Level 1:colcon.colcon_core.package_discovery:discover_packages(recursive) discover
[0.325s] INFO:colcon.colcon_core.package_discovery:Crawling recursively for packages in '/home/guillem/Documents/GitHub/ERC_GUI/ros2_ws/src/unity'
[0.325s] Level 1:colcon.colcon_core.package_identification:_identify(.) by extensions ['ignore', 'ignore_ament_install']
[0.325s] Level 1:colcon.colcon_core.package_identification:_identify(.) by extension 'ignore'
[0.325s] Level 1:colcon.colcon_core.package_identification:_identify(.) by extension 'ignore_ament_install'
[0.325s] Level 1:colcon.colcon_core.package_identification:_identify(.) by extensions ['colcon_pkg']
[0.325s] Level 1:colcon.colcon_core.package_identification:_identify(.) by extension 'colcon_pkg'
[0.325s] Level 1:colcon.colcon_core.package_identification:_identify(.) by extensions ['colcon_meta']
[0.325s] Level 1:colcon.colcon_core.package_identification:_identify(.) by extension 'colcon_meta'
[0.325s] Level 1:colcon.colcon_core.package_identification:_identify(.) by extensions ['ros']
[0.325s] Level 1:colcon.colcon_core.package_identification:_identify(.) by extension 'ros'
[0.344s] DEBUG:colcon.colcon_core.package_identification:Package '.' with type 'ros.ament_python' and name 'unity'
[0.344s] Level 1:colcon.colcon_core.package_discovery:discover_packages(recursive) using defaults
[0.344s] Level 1:colcon.colcon_core.package_discovery:discover_packages(ignore) discover
[0.344s] Level 1:colcon.colcon_core.package_discovery:discover_packages(ignore) using defaults
[0.344s] Level 1:colcon.colcon_core.package_discovery:discover_packages(path) discover
[0.345s] Level 1:colcon.colcon_core.package_discovery:discover_packages(path) using defaults
[0.381s] Level 1:colcon.colcon_core.package_discovery:discover_packages(prefix_path) check parameters
[0.382s] Level 1:colcon.colcon_core.package_discovery:discover_packages(prefix_path) discover
[0.383s] DEBUG:colcon.colcon_installed_package_information.package_discovery:Found 1 installed packages in /home/guillem/Documents/GitHub/ERC_GUI/ros2_ws/src/unity/install
[0.384s] DEBUG:colcon.colcon_installed_package_information.package_discovery:Found 1 installed packages in /home/guillem/Documents/GitHub/ros2_ws/src/unity/install
[0.386s] DEBUG:colcon.colcon_installed_package_information.package_discovery:Found 436 installed packages in /opt/ros/humble
[0.388s] Level 1:colcon.colcon_core.package_discovery:discover_packages(prefix_path) using defaults
[0.447s] Level 5:colcon.colcon_core.verb:set package 'unity' build argument 'cmake_args' from command line to 'None'
[0.447s] Level 5:colcon.colcon_core.verb:set package 'unity' build argument 'cmake_target' from command line to 'None'
[0.447s] Level 5:colcon.colcon_core.verb:set package 'unity' build argument 'cmake_target_skip_unavailable' from command line to 'False'
[0.447s] Level 5:colcon.colcon_core.verb:set package 'unity' build argument 'cmake_clean_cache' from command line to 'False'
[0.447s] Level 5:colcon.colcon_core.verb:set package 'unity' build argument 'cmake_clean_first' from command line to 'False'
[0.447s] Level 5:colcon.colcon_core.verb:set package 'unity' build argument 'cmake_force_configure' from command line to 'False'
[0.447s] Level 5:colcon.colcon_core.verb:set package 'unity' build argument 'ament_cmake_args' from command line to 'None'
[0.447s] Level 5:colcon.colcon_core.verb:set package 'unity' build argument 'catkin_cmake_args' from command line to 'None'
[0.447s] Level 5:colcon.colcon_core.verb:set package 'unity' build argument 'catkin_skip_building_tests' from command line to 'False'
[0.447s] DEBUG:colcon.colcon_core.verb:Building package 'unity' with the following arguments: {'ament_cmake_args': None, 'build_base': '/home/guillem/Documents/GitHub/ERC_GUI/ros2_ws/src/unity/build/unity', 'catkin_cmake_args': None, 'catkin_skip_building_tests': False, 'cmake_args': None, 'cmake_clean_cache': False, 'cmake_clean_first': False, 'cmake_force_configure': False, 'cmake_target': None, 'cmake_target_skip_unavailable': False, 'install_base': '/home/guillem/Documents/GitHub/ERC_GUI/ros2_ws/src/unity/install/unity', 'merge_install': False, 'path': '/home/guillem/Documents/GitHub/ERC_GUI/ros2_ws/src/unity', 'symlink_install': True, 'test_result_base': None}
[0.448s] INFO:colcon.colcon_core.executor:Executing jobs using 'parallel' executor
[0.449s] DEBUG:colcon.colcon_parallel_executor.executor.parallel:run_until_complete
[0.449s] INFO:colcon.colcon_ros.task.ament_python.build:Building ROS package in '/home/guillem/Documents/GitHub/ERC_GUI/ros2_ws/src/unity' with build type 'ament_python'
[0.449s] Level 1:colcon.colcon_core.shell:create_environment_hook('unity', 'ament_prefix_path')
[0.451s] INFO:colcon.colcon_core.plugin_system:Skipping extension 'colcon_core.shell.bat': Not used on non-Windows systems
[0.452s] INFO:colcon.colcon_core.shell:Creating environment hook '/home/guillem/Documents/GitHub/ERC_GUI/ros2_ws/src/unity/install/unity/share/unity/hook/ament_prefix_path.ps1'
[0.454s] INFO:colcon.colcon_core.shell:Creating environment descriptor '/home/guillem/Documents/GitHub/ERC_GUI/ros2_ws/src/unity/install/unity/share/unity/hook/ament_prefix_path.dsv'
[0.455s] INFO:colcon.colcon_core.shell:Creating environment hook '/home/guillem/Documents/GitHub/ERC_GUI/ros2_ws/src/unity/install/unity/share/unity/hook/ament_prefix_path.sh'
[0.457s] INFO:colcon.colcon_core.shell:Skip shell extension 'powershell' for command environment: Not usable outside of PowerShell
[0.457s] DEBUG:colcon.colcon_core.shell:Skip shell extension 'dsv' for command environment
[0.781s] INFO:colcon.colcon_core.task.python.build:Building Python package in '/home/guillem/Documents/GitHub/ERC_GUI/ros2_ws/src/unity'
[0.782s] INFO:colcon.colcon_core.shell:Skip shell extension 'powershell' for command environment: Not usable outside of PowerShell
[0.782s] DEBUG:colcon.colcon_core.shell:Skip shell extension 'dsv' for command environment
[1.196s] DEBUG:colcon.colcon_core.event_handler.log_command:Invoking command in '/home/guillem/Documents/GitHub/ERC_GUI/ros2_ws/src/unity/build/unity': CONDA_PROMPT_MODIFIER=(base) PYTHONPATH=/home/guillem/Documents/GitHub/ERC_GUI/ros2_ws/src/unity/build/unity/prefix_override:/usr/lib/python3/dist-packages/colcon_core/task/python/colcon_distutils_commands:/home/guillem/Documents/GitHub/ERC_GUI/ros2_ws/src/unity/install/unity/lib/python3.10/site-packages:${PYTHONPATH} /usr/bin/python3 -W ignore:setup.py install is deprecated setup.py develop --editable --build-directory /home/guillem/Documents/GitHub/ERC_GUI/ros2_ws/src/unity/build/unity/build --no-deps symlink_data
[1.731s] Level 1:colcon.colcon_core.shell:create_environment_hook('unity', 'pythonpath_develop')
[1.731s] INFO:colcon.colcon_core.shell:Creating environment hook '/home/guillem/Documents/GitHub/ERC_GUI/ros2_ws/src/unity/build/unity/share/unity/hook/pythonpath_develop.ps1'
[1.732s] DEBUG:colcon.colcon_core.event_handler.log_command:Invoked command in '/home/guillem/Documents/GitHub/ERC_GUI/ros2_ws/src/unity/build/unity' returned '0': CONDA_PROMPT_MODIFIER=(base) PYTHONPATH=/home/guillem/Documents/GitHub/ERC_GUI/ros2_ws/src/unity/build/unity/prefix_override:/usr/lib/python3/dist-packages/colcon_core/task/python/colcon_distutils_commands:/home/guillem/Documents/GitHub/ERC_GUI/ros2_ws/src/unity/install/unity/lib/python3.10/site-packages:${PYTHONPATH} /usr/bin/python3 -W ignore:setup.py install is deprecated setup.py develop --editable --build-directory /home/guillem/Documents/GitHub/ERC_GUI/ros2_ws/src/unity/build/unity/build --no-deps symlink_data
[1.733s] INFO:colcon.colcon_core.shell:Creating environment descriptor '/home/guillem/Documents/GitHub/ERC_GUI/ros2_ws/src/unity/build/unity/share/unity/hook/pythonpath_develop.dsv'
[1.733s] INFO:colcon.colcon_core.shell:Creating environment hook '/home/guillem/Documents/GitHub/ERC_GUI/ros2_ws/src/unity/build/unity/share/unity/hook/pythonpath_develop.sh'
[1.736s] Level 1:colcon.colcon_core.environment:checking '/home/guillem/Documents/GitHub/ERC_GUI/ros2_ws/src/unity/install/unity' for CMake module files
[1.736s] Level 1:colcon.colcon_core.environment:checking '/home/guillem/Documents/GitHub/ERC_GUI/ros2_ws/src/unity/install/unity' for CMake config files
[1.737s] Level 1:colcon.colcon_core.environment:checking '/home/guillem/Documents/GitHub/ERC_GUI/ros2_ws/src/unity/install/unity/lib'
[1.737s] Level 1:colcon.colcon_core.environment:checking '/home/guillem/Documents/GitHub/ERC_GUI/ros2_ws/src/unity/install/unity/bin'
[1.737s] Level 1:colcon.colcon_core.environment:checking '/home/guillem/Documents/GitHub/ERC_GUI/ros2_ws/src/unity/install/unity/lib/pkgconfig/unity.pc'
[1.737s] Level 1:colcon.colcon_core.environment:checking '/home/guillem/Documents/GitHub/ERC_GUI/ros2_ws/src/unity/install/unity/lib/python3.10/site-packages'
[1.738s] Level 1:colcon.colcon_core.shell:create_environment_hook('unity', 'pythonpath')
[1.738s] INFO:colcon.colcon_core.shell:Creating environment hook '/home/guillem/Documents/GitHub/ERC_GUI/ros2_ws/src/unity/install/unity/share/unity/hook/pythonpath.ps1'
[1.738s] INFO:colcon.colcon_core.shell:Creating environment descriptor '/home/guillem/Documents/GitHub/ERC_GUI/ros2_ws/src/unity/install/unity/share/unity/hook/pythonpath.dsv'
[1.739s] INFO:colcon.colcon_core.shell:Creating environment hook '/home/guillem/Documents/GitHub/ERC_GUI/ros2_ws/src/unity/install/unity/share/unity/hook/pythonpath.sh'
[1.739s] Level 1:colcon.colcon_core.environment:checking '/home/guillem/Documents/GitHub/ERC_GUI/ros2_ws/src/unity/install/unity/bin'
[1.739s] Level 1:colcon.colcon_core.environment:create_environment_scripts_only(unity)
[1.740s] INFO:colcon.colcon_core.shell:Creating package script '/home/guillem/Documents/GitHub/ERC_GUI/ros2_ws/src/unity/install/unity/share/unity/package.ps1'
[1.741s] INFO:colcon.colcon_core.shell:Creating package descriptor '/home/guillem/Documents/GitHub/ERC_GUI/ros2_ws/src/unity/install/unity/share/unity/package.dsv'
[1.741s] INFO:colcon.colcon_core.shell:Creating package script '/home/guillem/Documents/GitHub/ERC_GUI/ros2_ws/src/unity/install/unity/share/unity/package.sh'
[1.742s] INFO:colcon.colcon_core.shell:Creating package script '/home/guillem/Documents/GitHub/ERC_GUI/ros2_ws/src/unity/install/unity/share/unity/package.bash'
[1.743s] INFO:colcon.colcon_core.shell:Creating package script '/home/guillem/Documents/GitHub/ERC_GUI/ros2_ws/src/unity/install/unity/share/unity/package.zsh'
[1.744s] Level 1:colcon.colcon_core.environment:create_file_with_runtime_dependencies(/home/guillem/Documents/GitHub/ERC_GUI/ros2_ws/src/unity/install/unity/share/colcon-core/packages/unity)
[1.745s] DEBUG:colcon.colcon_parallel_executor.executor.parallel:closing loop
[1.745s] DEBUG:colcon.colcon_parallel_executor.executor.parallel:loop closed
[1.745s] DEBUG:colcon.colcon_parallel_executor.executor.parallel:run_until_complete finished with '0'
[1.745s] DEBUG:colcon.colcon_core.event_reactor:joining thread
[1.751s] INFO:colcon.colcon_core.plugin_system:Skipping extension 'colcon_notification.desktop_notification.terminal_notifier': Not used on non-Darwin systems
[1.751s] INFO:colcon.colcon_core.plugin_system:Skipping extension 'colcon_notification.desktop_notification.win32': Not used on non-Windows systems
[1.751s] INFO:colcon.colcon_notification.desktop_notification:Sending desktop notification using 'notify2'
[1.763s] DEBUG:colcon.colcon_core.event_reactor:joined thread
[1.763s] INFO:colcon.colcon_core.shell:Creating prefix script '/home/guillem/Documents/GitHub/ERC_GUI/ros2_ws/src/unity/install/local_setup.ps1'
[1.764s] INFO:colcon.colcon_core.shell:Creating prefix util module '/home/guillem/Documents/GitHub/ERC_GUI/ros2_ws/src/unity/install/_local_setup_util_ps1.py'
[1.766s] INFO:colcon.colcon_core.shell:Creating prefix chain script '/home/guillem/Documents/GitHub/ERC_GUI/ros2_ws/src/unity/install/setup.ps1'
[1.767s] INFO:colcon.colcon_core.shell:Creating prefix script '/home/guillem/Documents/GitHub/ERC_GUI/ros2_ws/src/unity/install/local_setup.sh'
[1.768s] INFO:colcon.colcon_core.shell:Creating prefix util module '/home/guillem/Documents/GitHub/ERC_GUI/ros2_ws/src/unity/install/_local_setup_util_sh.py'
[1.769s] INFO:colcon.colcon_core.shell:Creating prefix chain script '/home/guillem/Documents/GitHub/ERC_GUI/ros2_ws/src/unity/install/setup.sh'
[1.771s] INFO:colcon.colcon_core.shell:Creating prefix script '/home/guillem/Documents/GitHub/ERC_GUI/ros2_ws/src/unity/install/local_setup.bash'
[1.771s] INFO:colcon.colcon_core.shell:Creating prefix chain script '/home/guillem/Documents/GitHub/ERC_GUI/ros2_ws/src/unity/install/setup.bash'
[1.773s] INFO:colcon.colcon_core.shell:Creating prefix script '/home/guillem/Documents/GitHub/ERC_GUI/ros2_ws/src/unity/install/local_setup.zsh'
[1.773s] INFO:colcon.colcon_core.shell:Creating prefix chain script '/home/guillem/Documents/GitHub/ERC_GUI/ros2_ws/src/unity/install/setup.zsh'
