running egg_info
creating ../../build/unity/unity.egg-info
writing ../../build/unity/unity.egg-info/PKG-INFO
writing dependency_links to ../../build/unity/unity.egg-info/dependency_links.txt
writing entry points to ../../build/unity/unity.egg-info/entry_points.txt
writing requirements to ../../build/unity/unity.egg-info/requires.txt
writing top-level names to ../../build/unity/unity.egg-info/top_level.txt
writing manifest file '../../build/unity/unity.egg-info/SOURCES.txt'
reading manifest file '../../build/unity/unity.egg-info/SOURCES.txt'
writing manifest file '../../build/unity/unity.egg-info/SOURCES.txt'
running build
running build_py
creating /home/alemany/ERC_GUI/ros2_ws/build/unity/build
creating /home/alemany/ERC_GUI/ros2_ws/build/unity/build/lib
creating /home/alemany/ERC_GUI/ros2_ws/build/unity/build/lib/unity
copying unity/__init__.py -> /home/alemany/ERC_GUI/ros2_ws/build/unity/build/lib/unity
copying unity/cam_pub.py -> /home/alemany/ERC_GUI/ros2_ws/build/unity/build/lib/unity
copying unity/image_subscriber.py -> /home/alemany/ERC_GUI/ros2_ws/build/unity/build/lib/unity
copying unity/moverse_esperar.py -> /home/alemany/ERC_GUI/ros2_ws/build/unity/build/lib/unity
running install
running install_lib
creating /home/alemany/ERC_GUI/ros2_ws/install/unity/lib/python3.10/site-packages/unity
copying /home/alemany/ERC_GUI/ros2_ws/build/unity/build/lib/unity/__init__.py -> /home/alemany/ERC_GUI/ros2_ws/install/unity/lib/python3.10/site-packages/unity
copying /home/alemany/ERC_GUI/ros2_ws/build/unity/build/lib/unity/cam_pub.py -> /home/alemany/ERC_GUI/ros2_ws/install/unity/lib/python3.10/site-packages/unity
copying /home/alemany/ERC_GUI/ros2_ws/build/unity/build/lib/unity/image_subscriber.py -> /home/alemany/ERC_GUI/ros2_ws/install/unity/lib/python3.10/site-packages/unity
copying /home/alemany/ERC_GUI/ros2_ws/build/unity/build/lib/unity/moverse_esperar.py -> /home/alemany/ERC_GUI/ros2_ws/install/unity/lib/python3.10/site-packages/unity
byte-compiling /home/alemany/ERC_GUI/ros2_ws/install/unity/lib/python3.10/site-packages/unity/__init__.py to __init__.cpython-310.pyc
byte-compiling /home/alemany/ERC_GUI/ros2_ws/install/unity/lib/python3.10/site-packages/unity/cam_pub.py to cam_pub.cpython-310.pyc
byte-compiling /home/alemany/ERC_GUI/ros2_ws/install/unity/lib/python3.10/site-packages/unity/image_subscriber.py to image_subscriber.cpython-310.pyc
byte-compiling /home/alemany/ERC_GUI/ros2_ws/install/unity/lib/python3.10/site-packages/unity/moverse_esperar.py to moverse_esperar.cpython-310.pyc
running install_data
creating /home/alemany/ERC_GUI/ros2_ws/install/unity/share/ament_index
creating /home/alemany/ERC_GUI/ros2_ws/install/unity/share/ament_index/resource_index
creating /home/alemany/ERC_GUI/ros2_ws/install/unity/share/ament_index/resource_index/packages
copying resource/unity -> /home/alemany/ERC_GUI/ros2_ws/install/unity/share/ament_index/resource_index/packages
copying package.xml -> /home/alemany/ERC_GUI/ros2_ws/install/unity/share/unity
running install_egg_info
Copying ../../build/unity/unity.egg-info to /home/alemany/ERC_GUI/ros2_ws/install/unity/lib/python3.10/site-packages/unity-0.0.0-py3.10.egg-info
running install_scripts
Installing cam_pub script to /home/alemany/ERC_GUI/ros2_ws/install/unity/lib/unity
Installing ejemplo script to /home/alemany/ERC_GUI/ros2_ws/install/unity/lib/unity
Installing image_subscriber script to /home/alemany/ERC_GUI/ros2_ws/install/unity/lib/unity
writing list of installed files to '/home/alemany/ERC_GUI/ros2_ws/build/unity/install.log'
