/home/alemany/ERC_GUI/ros2_ws/install/unity/lib/python3.10/site-packages/unity/__init__.py
/home/alemany/ERC_GUI/ros2_ws/install/unity/lib/python3.10/site-packages/unity/cam_pub.py
/home/alemany/ERC_GUI/ros2_ws/install/unity/lib/python3.10/site-packages/unity/image_subscriber.py
/home/alemany/ERC_GUI/ros2_ws/install/unity/lib/python3.10/site-packages/unity/moverse_esperar.py
/home/alemany/ERC_GUI/ros2_ws/install/unity/lib/python3.10/site-packages/unity/__pycache__/__init__.cpython-310.pyc
/home/alemany/ERC_GUI/ros2_ws/install/unity/lib/python3.10/site-packages/unity/__pycache__/cam_pub.cpython-310.pyc
/home/alemany/ERC_GUI/ros2_ws/install/unity/lib/python3.10/site-packages/unity/__pycache__/image_subscriber.cpython-310.pyc
/home/alemany/ERC_GUI/ros2_ws/install/unity/lib/python3.10/site-packages/unity/__pycache__/moverse_esperar.cpython-310.pyc
/home/alemany/ERC_GUI/ros2_ws/install/unity/share/ament_index/resource_index/packages/unity
/home/alemany/ERC_GUI/ros2_ws/install/unity/share/unity/package.xml
/home/alemany/ERC_GUI/ros2_ws/install/unity/lib/python3.10/site-packages/unity-0.0.0-py3.10.egg-info/entry_points.txt
/home/alemany/ERC_GUI/ros2_ws/install/unity/lib/python3.10/site-packages/unity-0.0.0-py3.10.egg-info/PKG-INFO
/home/alemany/ERC_GUI/ros2_ws/install/unity/lib/python3.10/site-packages/unity-0.0.0-py3.10.egg-info/top_level.txt
/home/alemany/ERC_GUI/ros2_ws/install/unity/lib/python3.10/site-packages/unity-0.0.0-py3.10.egg-info/requires.txt
/home/alemany/ERC_GUI/ros2_ws/install/unity/lib/python3.10/site-packages/unity-0.0.0-py3.10.egg-info/dependency_links.txt
/home/alemany/ERC_GUI/ros2_ws/install/unity/lib/python3.10/site-packages/unity-0.0.0-py3.10.egg-info/zip-safe
/home/alemany/ERC_GUI/ros2_ws/install/unity/lib/python3.10/site-packages/unity-0.0.0-py3.10.egg-info/SOURCES.txt
/home/alemany/ERC_GUI/ros2_ws/install/unity/lib/unity/cam_pub
/home/alemany/ERC_GUI/ros2_ws/install/unity/lib/unity/ejemplo
/home/alemany/ERC_GUI/ros2_ws/install/unity/lib/unity/image_subscriber
