running develop
/usr/lib/python3/dist-packages/setuptools/command/easy_install.py:158: EasyInstallDeprecationWarning: easy_install command is deprecated. Use build and pip and other standards-based tools.
  warnings.warn(
running egg_info
creating unity.egg-info
writing unity.egg-info/PKG-INFO
writing dependency_links to unity.egg-info/dependency_links.txt
writing entry points to unity.egg-info/entry_points.txt
writing requirements to unity.egg-info/requires.txt
writing top-level names to unity.egg-info/top_level.txt
writing manifest file 'unity.egg-info/SOURCES.txt'
reading manifest file 'unity.egg-info/SOURCES.txt'
writing manifest file 'unity.egg-info/SOURCES.txt'
running build_ext
Creating /home/guillem/Documents/GitHub/ros2_ws/src/unity/install/unity/lib/python3.10/site-packages/unity.egg-link (link to .)
Installing ejemplo script to /home/guillem/Documents/GitHub/ros2_ws/src/unity/install/unity/lib/unity

Installed /home/guillem/Documents/GitHub/ros2_ws/src/unity/build/unity
running symlink_data
creating /home/guillem/Documents/GitHub/ros2_ws/src/unity/install/unity/share/ament_index
creating /home/guillem/Documents/GitHub/ros2_ws/src/unity/install/unity/share/ament_index/resource_index
creating /home/guillem/Documents/GitHub/ros2_ws/src/unity/install/unity/share/ament_index/resource_index/packages
symbolically linking /home/guillem/Documents/GitHub/ros2_ws/src/unity/build/unity/resource/unity -> /home/guillem/Documents/GitHub/ros2_ws/src/unity/install/unity/share/ament_index/resource_index/packages
symbolically linking /home/guillem/Documents/GitHub/ros2_ws/src/unity/build/unity/package.xml -> /home/guillem/Documents/GitHub/ros2_ws/src/unity/install/unity/share/unity
